<codes>
<postcode>RM20 2ZQ</postcode>
<postcode>LS11 8LL</postcode>
</codes>